{
  "stats": {
    "suites": 1,
    "tests": 1,
    "passes": 1,
    "pending": 0,
    "failures": 0,
    "start": "2023-08-09T13:57:53.689Z",
    "end": "2023-08-09T13:58:00.189Z",
    "duration": 6500,
    "testsRegistered": 1,
    "passPercent": 100,
    "pendingPercent": 0,
    "other": 0,
    "hasOther": false,
    "skipped": 0,
    "hasSkipped": false
  },
  "results": [
    {
      "uuid": "cbbe4f2f-6e6c-47d8-98d7-51450a04af96",
      "title": "",
      "fullFile": "cypress/e2e/firstTest.spec.js",
      "file": "cypress/e2e/firstTest.spec.js",
      "beforeHooks": [],
      "afterHooks": [],
      "tests": [],
      "suites": [
        {
          "uuid": "6cf50b78-8a1a-4b9e-9f6d-71759de2c042",
          "title": "Test with backend",
          "fullFile": "",
          "file": "",
          "beforeHooks": [],
          "afterHooks": [],
          "tests": [
            {
              "title": "delete a new article in a global feed - auth headless",
              "fullTitle": "Test with backend delete a new article in a global feed - auth headless",
              "timedOut": null,
              "duration": 6440,
              "state": "passed",
              "speed": "medium",
              "pass": true,
              "fail": false,
              "pending": false,
              "context": null,
              "code": "const userCredentials = {\n  \"user\": {\n    \"email\": Cypress.env(\"username\"),\n    \"password\": Cypress.env(\"password\")\n  }\n};\nconst bodyRequest = {\n  \"article\": {\n    \"title\": \"Request from API\",\n    \"description\": \"API Testing\",\n    \"body\": \"Cypress is amazing\"\n  }\n};\ncy.request('POST', Cypress.env('apiUrl') + '/api/users/login', userCredentials).its('body').then(body => {\n  const token = body.user.token;\n  cy.request({\n    url: Cypress.env('apiUrl') + '/api/articles/',\n    headers: {\n      'Authorization': 'Token ' + token\n    },\n    method: 'POST',\n    body: bodyRequest\n  }).then(response => {\n    expect(response.status).to.equal(201);\n  });\n  cy.contains('Global Feed').click().wait(2000);\n  /* cy.get('.article-preview').should('be.visible').then(() => {\n      cy.get('.article-preview').first().click()\n  }) */\n  cy.get('.article-preview').first().click();\n  //cy.get('.article-actions').then(ele => cy.log(ele.text()))\n  cy.get('.article-actions').should('be.visible').then(() => {\n    cy.contains('Delete Article').click();\n  });\n  //cy.get('.article-actions').contains('Delete Article').click()\n  cy.request({\n    url: 'https://api.realworld.io/api/articles?limit=10&offset=0',\n    headers: {\n      'Authorization': 'Token ' + token\n    },\n    method: 'GET'\n  }).its('body').then(body => {\n    expect(body.articles[0].title).not.equal('Request from API');\n  });\n});",
              "err": {},
              "uuid": "1fc3fe3e-fd07-41af-92d7-2ae137b26c39",
              "parentUUID": "6cf50b78-8a1a-4b9e-9f6d-71759de2c042",
              "isHook": false,
              "skipped": false
            }
          ],
          "suites": [],
          "passes": [
            "1fc3fe3e-fd07-41af-92d7-2ae137b26c39"
          ],
          "failures": [],
          "pending": [],
          "skipped": [],
          "duration": 6440,
          "root": false,
          "rootEmpty": false,
          "_timeout": 2000
        }
      ],
      "passes": [],
      "failures": [],
      "pending": [],
      "skipped": [],
      "duration": 0,
      "root": true,
      "rootEmpty": true,
      "_timeout": 2000
    }
  ],
  "meta": {
    "mocha": {
      "version": "7.0.1"
    },
    "mochawesome": {
      "options": {
        "quiet": false,
        "reportFilename": "mochawesome",
        "saveHtml": false,
        "saveJson": true,
        "consoleReporter": "spec",
        "useInlineDiffs": false,
        "code": true
      },
      "version": "7.1.3"
    },
    "marge": {
      "options": {
        "id": "default",
        "reportDir": "cypress/results/mochawesome",
        "overwrite": false,
        "html": false,
        "json": true
      },
      "version": "6.2.0"
    }
  }
}