<?xml version="1.0"?>
<testsuites>
<testsuite name="Root Suite" timestamp="2023-08-09T13:58:03" tests="0" file="cypress/e2e/secondTest.spec.js" time="0.000" failures="0"></testsuite>
<testsuite name="Test with backend" timestamp="2023-08-09T13:58:03" tests="1" time="1.992" failures="0">
  
  <testcase name="Test with backend verify usa can log out successfully" time="1.982" classname="verify usa can log out successfully"></testcase>
  
</testsuite>

<testsuite name="Root Suite" timestamp="2023-08-09T13:57:53" tests="0" file="cypress/e2e/firstTest.spec.js" time="0.000" failures="0"></testsuite>
<testsuite name="Test with backend" timestamp="2023-08-09T13:57:53" tests="1" time="6.477" failures="0">
  
  <testcase name="Test with backend delete a new article in a global feed - auth headless" time="6.440" classname="delete a new article in a global feed - auth headless"></testcase>
  
</testsuite>

</testsuites>