{
  "stats": {
    "suites": 2,
    "tests": 2,
    "passes": 2,
    "pending": 0,
    "failures": 0,
    "testsRegistered": 2,
    "passPercent": 100,
    "pendingPercent": 0,
    "other": 0,
    "hasOther": false,
    "skipped": 0,
    "hasSkipped": false,
    "start": "2023-08-28T08:38:27.043Z",
    "end": "2023-08-28T08:38:40.047Z",
    "duration": 13004
  },
  "results": [
    {
      "uuid": "c5e5707a-db35-4fc1-bc4e-7bfd9fde4cc7",
      "title": "",
      "fullFile": "cypress\\e2e\\secondTest.spec.js",
      "file": "cypress\\e2e\\secondTest.spec.js",
      "beforeHooks": [],
      "afterHooks": [],
      "tests": [],
      "suites": [
        {
          "uuid": "f2f6fa57-373c-4c37-a167-9e8a4c72157d",
          "title": "Test with backend",
          "fullFile": "",
          "file": "",
          "beforeHooks": [],
          "afterHooks": [],
          "tests": [
            {
              "title": "verify usa can log out successfully",
              "fullTitle": "Test with backend verify usa can log out successfully",
              "timedOut": null,
              "duration": 1790,
              "state": "passed",
              "speed": "fast",
              "pass": true,
              "fail": false,
              "pending": false,
              "context": null,
              "code": "cy.contains('Settings').click();\ncy.contains('Or click here to logout').click();\ncy.get('.navbar-nav').should('contain', 'Sign up');",
              "err": {},
              "uuid": "70bb29d6-a1f4-46a6-8d31-99a4d000ff54",
              "parentUUID": "f2f6fa57-373c-4c37-a167-9e8a4c72157d",
              "isHook": false,
              "skipped": false
            }
          ],
          "suites": [],
          "passes": [
            "70bb29d6-a1f4-46a6-8d31-99a4d000ff54"
          ],
          "failures": [],
          "pending": [],
          "skipped": [],
          "duration": 1790,
          "root": false,
          "rootEmpty": false,
          "_timeout": 2000
        }
      ],
      "passes": [],
      "failures": [],
      "pending": [],
      "skipped": [],
      "duration": 0,
      "root": true,
      "rootEmpty": true,
      "_timeout": 2000
    },
    {
      "uuid": "caa4411b-de5c-4342-8e67-84860230ee4e",
      "title": "",
      "fullFile": "cypress\\e2e\\firstTest.spec.js",
      "file": "cypress\\e2e\\firstTest.spec.js",
      "beforeHooks": [],
      "afterHooks": [],
      "tests": [],
      "suites": [
        {
          "uuid": "a17e97c7-f3f4-4915-91c6-456ae1234164",
          "title": "Test with backend",
          "fullFile": "",
          "file": "",
          "beforeHooks": [],
          "afterHooks": [],
          "tests": [
            {
              "title": "delete a new article in a global feed - auth headless",
              "fullTitle": "Test with backend delete a new article in a global feed - auth headless",
              "timedOut": null,
              "duration": 7415,
              "state": "passed",
              "speed": "medium",
              "pass": true,
              "fail": false,
              "pending": false,
              "context": null,
              "code": "const userCredentials = {\n  \"user\": {\n    \"email\": Cypress.env(\"username\"),\n    \"password\": Cypress.env(\"password\")\n  }\n};\nconst bodyRequest = {\n  \"article\": {\n    \"title\": \"Request from API\",\n    \"description\": \"API Testing\",\n    \"body\": \"Cypress is amazing\"\n  }\n};\ncy.request('POST', Cypress.env('apiUrl') + '/api/users/login', userCredentials).its('body').then(body => {\n  const token = body.user.token;\n  cy.request({\n    url: Cypress.env('apiUrl') + '/api/articles/',\n    headers: {\n      'Authorization': 'Token ' + token\n    },\n    method: 'POST',\n    body: bodyRequest\n  }).then(response => {\n    expect(response.status).to.equal(201);\n  });\n  cy.contains('Global Feed').click().wait(2000);\n  /* cy.get('.article-preview').should('be.visible').then(() => {\n      cy.get('.article-preview').first().click()\n  }) */\n  cy.get('.article-preview').first().click();\n  //cy.get('.article-actions').then(ele => cy.log(ele.text()))\n  cy.get('.article-actions').should('be.visible').then(() => {\n    cy.contains('Delete Article').click();\n  });\n  //cy.get('.article-actions').contains('Delete Article').click()\n  cy.request({\n    url: 'https://api.realworld.io/api/articles?limit=10&offset=0',\n    headers: {\n      'Authorization': 'Token ' + token\n    },\n    method: 'GET'\n  }).its('body').then(body => {\n    expect(body.articles[0].title).not.equal('Request from API');\n  });\n});",
              "err": {},
              "uuid": "14110f81-2f08-4735-9924-38ed543d31fe",
              "parentUUID": "a17e97c7-f3f4-4915-91c6-456ae1234164",
              "isHook": false,
              "skipped": false
            }
          ],
          "suites": [],
          "passes": [
            "14110f81-2f08-4735-9924-38ed543d31fe"
          ],
          "failures": [],
          "pending": [],
          "skipped": [],
          "duration": 7415,
          "root": false,
          "rootEmpty": false,
          "_timeout": 2000
        }
      ],
      "passes": [],
      "failures": [],
      "pending": [],
      "skipped": [],
      "duration": 0,
      "root": true,
      "rootEmpty": true,
      "_timeout": 2000
    }
  ],
  "meta": {
    "mocha": {
      "version": "7.0.1"
    },
    "mochawesome": {
      "options": {
        "quiet": false,
        "reportFilename": "mochawesome",
        "saveHtml": false,
        "saveJson": true,
        "consoleReporter": "spec",
        "useInlineDiffs": false,
        "code": true
      },
      "version": "7.1.3"
    },
    "marge": {
      "options": {
        "id": "default",
        "reportDir": "cypress/results/mochawesome",
        "overwrite": false,
        "html": false,
        "json": true
      },
      "version": "6.2.0"
    }
  }
}